app/build/outputs/mapping/release/seeds.txt
com.lmusic.data.MusicLibrary$Companion$build$$inlined$map$1$2$1
com.lmusic.data.MusicTrack$Source
com.lmusic.databinding.ViewSuggestionRowBinding
com.lmusic.databinding.ViewGenreChipBinding
com.lmusic.data.LibraryStats$WeekdayBucket
com.lmusic.data.DownloadDao_Impl$3
com.lmusic.data.DownloadDao
com.lmusic.databinding.FragmentMainNavigationBinding
com.lmusic.data.MusicLibrary$Companion
com.lmusic.plugin.builtin.NewPipePlugin$Companion
com.lmusic.data.DownloadDatabase_Impl$1
com.lmusic.ui.ExploreFragment
com.lmusic.databinding.WidgetPlayerBinding
com.lmusic.data.DownloadDao_Impl$2
com.lmusic.plugin.builtin.NewPipePlugin$Companion$suggestionsCache$1
com.lmusic.service.DownloadService
com.lmusic.data.DownloadRecord
com.lmusic.ui.PluginsFragment
com.lmusic.data.Settings$Quality
com.lmusic.data.DownloadDao_Impl
com.lmusic.plugin.ExtractionResult
com.lmusic.databinding.ItemBottomNavBinding
com.lmusic.data.MusicTrack
com.lmusic.data.LibraryStats$Snapshot$Companion
com.lmusic.data.LibraryStats$compute$$inlined$groupingBy$1
com.lmusic.player.PlaybackService
com.lmusic.data.DownloadDao_Impl$4
com.lmusic.data.MusicLibrary$Companion$build$$inlined$map$1
com.lmusic.databinding.ItemTrackRowBinding
com.lmusic.ui.FavoritesFragment
com.lmusic.ShareActivity
com.lmusic.databinding.ItemGroupHeaderBinding
com.lmusic.data.BackupManager
com.lmusic.widget.LmusicWidget
com.lmusic.data.DownloadDao_Impl$8
com.lmusic.data.FavoritesStore
com.lmusic.data.DownloadDao_Impl$7
com.lmusic.ui.SettingsFragment
com.lmusic.databinding.BottomSheetQueueBinding
com.lmusic.plugin.SearchResult
com.lmusic.data.LibraryStats
com.lmusic.data.Settings$SortOrder
com.lmusic.data.Settings
com.lmusic.ui.QueueBottomSheet
com.lmusic.data.LibraryStats$ArtistBucket
com.lmusic.ui.NowPlayingFragment
com.lmusic.databinding.FragmentNowPlayingBinding
com.lmusic.data.DownloadDao_Impl$1
com.lmusic.data.DownloadRecord$Companion
com.lmusic.data.DownloadDao_Impl$5
com.lmusic.MainActivity
com.lmusic.data.Settings$Companion
com.lmusic.data.MusicLibrary$Companion$build$device$1
com.lmusic.data.LibraryStats$compute$$inlined$sortedByDescending$1
com.lmusic.databinding.ItemSearchResultBinding
com.lmusic.data.LibraryStats$Snapshot
com.lmusic.data.DownloadDao_Impl$9
com.lmusic.data.MusicLibrary$Companion$build$$inlined$map$1$2
com.lmusic.plugin.AudioStream
com.lmusic.ui.ProfileFragment
com.lmusic.ui.MainNavigationFragment
com.lmusic.data.FavoritesStore$Companion
com.lmusic.plugin.builtin.NewPipePlugin
com.lmusic.ui.DownloadHistoryFragment
com.lmusic.service.LmusicNotificationListener
com.lmusic.ui.PermissionWizardFragment
com.lmusic.databinding.ItemDownloadBinding
com.lmusic.ui.OnboardingFragment
com.lmusic.data.BackupManager$BackupEntry
com.lmusic.databinding.FragmentDownloadHistoryBinding
com.lmusic.databinding.FragmentSettingsHostBinding
com.lmusic.databinding.ActivityMainBinding
com.lmusic.databinding.FragmentProfileBinding
com.lmusic.plugin.PluginLoader
com.lmusic.plugin.SearchablePlugin
com.lmusic.databinding.FragmentPermissionWizardBinding
com.lmusic.data.DownloadDatabase
com.lmusic.ui.SettingsHostFragment
com.lmusic.databinding.FragmentFavoritesBinding
com.lmusic.ui.SleepTimerBottomSheet
com.lmusic.data.MusicLibrary$Companion$build$1
com.lmusic.LmusicApp
com.lmusic.databinding.BottomSheetSleepTimerBinding
com.lmusic.databinding.ItemQueueBinding
com.lmusic.data.DownloadDao_Impl$6
com.lmusic.worker.BatchRestoreWorker$doWork$1
com.lmusic.databinding.FragmentExploreBinding
com.lmusic.databinding.FragmentPluginsBinding
com.lmusic.service.LmusicAccessibilityService
com.lmusic.data.DownloadDatabase_Impl
com.lmusic.worker.BatchRestoreWorker
com.lmusic.data.DownloadDatabase$Companion
com.lmusic.data.MusicLibrary
com.lmusic.databinding.FragmentOnboardingBinding
com.lmusic.databinding.ItemPluginBinding
com.lmusic.databinding.RowTopArtistBinding
com.lmusic.plugin.StreamPlugin
com.lmusic.util.CrashLogger
com.lmusic.databinding.LayoutMiniPlayerBinding
com.lmusic.worker.BatchRestoreWorker$Companion
...
androidx.media3.extractor.ts.Ac3Extractor: androidx.media3.extractor.Extractor[] lambda$static$0()
org.schabi.newpipe.extractor.services.youtube.dashmanifestcreators.YoutubeProgressiveDashManifestCreator: java.lang.String fromProgressiveStreamingUrl(java.lang.String,org.schabi.newpipe.extractor.services.youtube.ItagItem,long)
org.mozilla.javascript.Context: org.mozilla.javascript.Evaluator createInterpreter()
androidx.media3.exoplayer.source.chunk.ChunkSampleStream: boolean haveReadFromMediaChunk(int)
org.mozilla.javascript.NativeJavaObject: boolean has(org.mozilla.javascript.Symbol,org.mozilla.javascript.Scriptable)
org.mozilla.javascript.AbstractEcmaObjectOperations: boolean isCompatiblePropertyDescriptor(org.mozilla.javascript.Context,boolean,org.mozilla.javascript.ScriptableObject,org.mozilla.javascript.ScriptableObject)
androidx.media3.session.MediaSessionStub: androidx.media3.session.MediaSessionStub$SessionTask sendLibraryResultWhenReady(androidx.media3.session.MediaSessionStub$SessionTask)
androidx.media3.exoplayer.drm.DefaultDrmSession: void onKeysRequired()
org.mozilla.javascript.NativeMath: java.lang.Object hypot(org.mozilla.javascript.Context,org.mozilla.javascript.Scriptable,org.mozilla.javascript.Scriptable,java.lang.Object[])
androidx.media3.extractor.BinarySearchSeeker$SeekOperationParams: void updateSeekFloor(long,long)
org.schabi.newpipe.extractor.services.peertube.extractors.PeertubeChannelTabExtractor: org.schabi.newpipe.extractor.ListExtractor$InfoItemsPage getInitialPage()
org.schabi.newpipe.extractor.services.media_ccc.extractors.MediaCCCChannelTabExtractor: void lambda$getInitialPage$0(org.schabi.newpipe.extractor.MultiInfoItemsCollector,com.grack.nanojson.JsonObject)
androidx.media3.exoplayer.MediaPeriodQueue: androidx.media3.exoplayer.MediaPeriodInfo getFollowingMediaPeriodInfoOfCurrentPeriod(androidx.media3.common.Timeline,androidx.media3.exoplayer.MediaPeriodHolder,long)
com.google.android.material.bottomappbar.BottomAppBar$Behavior: BottomAppBar$Behavior(android.content.Context,android.util.AttributeSet)
androidx.media3.extractor.ts.PsExtractor: void maybeOutputSeekMap(long)
androidx.media3.exoplayer.drm.DefaultDrmSession: boolean playClearSamplesWithoutKeys()
androidx.media3.exoplayer.mediacodec.MediaCodecRenderer: void onQueueInputBuffer(androidx.media3.decoder.DecoderInputBuffer)
androidx.media3.exoplayer.image.ImageDecoderException: ImageDecoderException(java.lang.String)
org.schabi.newpipe.extractor.utils.Pair: java.lang.String toString()
androidx.media3.exoplayer.source.chunk.BundledChunkExtractor: void init(androidx.media3.exoplayer.source.chunk.ChunkExtractor$TrackOutputProvider,long,long)
androidx.media3.common.Format: java.lang.String toString()
androidx.media3.common.TrackSelectionParameters: androidx.media3.common.TrackSelectionParameters$Builder buildUpon()
org.schabi.newpipe.extractor.services.bandcamp.extractors.BandcampRelatedPlaylistInfoItemExtractor: java.lang.String getUploaderUrl()
androidx.media3.container.Mp4TimestampData: Mp4TimestampData(android.os.Parcel)
org.mozilla.javascript.NativeError: java.lang.Object getStackDelegated()
com.google.protobuf.ExtensionRegistryLite$LazyExtensionMode: com.google.protobuf.ExtensionRegistryLite$LazyExtensionMode valueOf(java.lang.String)
androidx.media3.extractor.flv.VideoTagPayloadReader: boolean parsePayload(androidx.media3.common.util.ParsableByteArray,long)
kotlin.text.RegexOption: kotlin.text.RegexOption[] values()
androidx.media3.common.SimpleBasePlayer$State$Builder: androidx.media3.common.text.CueGroup access$2700(androidx.media3.common.SimpleBasePlayer$State$Builder)
androidx.media3.session.MediaControllerImplBase: void lambda$moveMediaItems$38(int,int,int,androidx.media3.session.IMediaSession,int)
org.mozilla.javascript.Undefined$1: Undefined$1()
androidx.media3.session.IMediaSession$Default: void addMediaItem(androidx.media3.session.IMediaController,int,android.os.Bundle)