app/build/outputs/mapping/release/usage.txt
com.lmusic.LmusicApp:
    public static final java.lang.String CHANNEL_DOWNLOAD
    public static final java.lang.String CHANNEL_STATUS
com.lmusic.R$anim:
    public static int item_fade_in
    public static int list_load_anim
    private void <init>()
com.lmusic.R$animator
com.lmusic.R$array
com.lmusic.R$color:
    public static int accent_dim
    public static int accent_soft
    public static int background
    public static int card_bg
    public static int colorOnPrimary
    public static int colorPrimary
    public static int colorPrimaryVariant
    public static int divider
    public static int doodle_blue
    public static int doodle_ink
    public static int doodle_peach
    public static int doodle_peach_fixed
    public static int doodle_rose
    public static int doodle_shadow
    public static int on_doodle_blue
    public static int on_doodle_rose
    public static int surface
    public static int surface_elevated
    public static int surface_variant
    private void <init>()
com.lmusic.R$drawable:
    public static int bg_bar_empty
    public static int bg_bar_fill
    public static int bg_bottom_nav
    public static int bg_bottom_sheet
    public static int bg_circle_glass
    public static int bg_circle_play
    public static int bg_doodle_button
    public static int bg_doodle_card_blue
    public static int bg_doodle_card_peach
    public static int bg_doodle_card_rose
    public static int bg_icon_button
    public static int bg_icon_circle
    public static int bg_now_playing_dot
    public static int bg_play_button
    public static int bg_play_button_large
    public static int bg_vinyl_ring
    public static int divider_vertical
    public static int ic_arrow_back
    public static int ic_check
    public static int ic_chevron_right
    public static int ic_close
    public static int ic_expand_down
    public static int ic_home
    public static int ic_launcher_foreground
    public static int ic_music_note
    public static int ic_queue_list
    public static int ic_retry
    public static int ic_settings
    public static int ic_shuffle
    public static int ic_skip_next
    public static int ic_skip_prev
    public static int ic_sort
    public static int ic_timer
    public static int illustration_phone
    private void <init>()
com.lmusic.R$id:
    private void <init>()
com.lmusic.R$layout:
    private void <init>()
com.lmusic.R$mipmap
com.lmusic.R$string
com.lmusic.R$style:
    public static int LmusicDialog_Body
    public static int LmusicDialog_Button
    public static int LmusicDialog_Shape
    public static int LmusicDialog_Title
    public static int ProfileLinkChevron
    public static int ProfileLinkLabel
    public static int ProfileLinkRow
    public static int SleepTimerLabel
    public static int SleepTimerRow
    public static int SleepTimerSub
    public static int Theme_Lmusic
    public static int Theme_Lmusic_Splash
    public static int WeekdayLabel
    private void <init>()
com.lmusic.R$xml:
    public static int accessibility_service_config
    public static int appwidget_info
    public static int file_paths
    private void <init>()
com.lmusic.R
com.lmusic.download.DownloadResult$Failure:
    public final java.lang.String component1()
    public final com.lmusic.download.DownloadResult$Failure copy(java.lang.String)
    public static synthetic com.lmusic.download.DownloadResult$Failure copy$default(com.lmusic.download.DownloadResult$Failure,java.lang.String,int,java.lang.Object)
...
kotlinx.coroutines.flow.FlowKt__MergeKt$flatMapMerge$$inlined$map$1$2
kotlinx.coroutines.flow.FlowKt__MergeKt$flatMapMerge$$inlined$map$1
kotlinx.coroutines.flow.FlowKt__MergeKt$flattenConcat$$inlined$unsafeFlow$1
kotlinx.coroutines.flow.FlowKt__MergeKt$flattenConcat$1$1$emit$1
kotlinx.coroutines.flow.FlowKt__MergeKt$flattenConcat$1$1
kotlinx.coroutines.flow.FlowKt__MergeKt:
    public static final kotlinx.coroutines.flow.Flow flatMapConcat(kotlinx.coroutines.flow.Flow,kotlin.jvm.functions.Function2)
    public static final kotlinx.coroutines.flow.Flow flatMapLatest(kotlinx.coroutines.flow.Flow,kotlin.jvm.functions.Function2)
    public static final kotlinx.coroutines.flow.Flow flatMapMerge(kotlinx.coroutines.flow.Flow,int,kotlin.jvm.functions.Function2)
    public static synthetic kotlinx.coroutines.flow.Flow flatMapMerge$default(kotlinx.coroutines.flow.Flow,int,kotlin.jvm.functions.Function2,int,java.lang.Object)
    public static final kotlinx.coroutines.flow.Flow flattenConcat(kotlinx.coroutines.flow.Flow)
    public static final kotlinx.coroutines.flow.Flow flattenMerge(kotlinx.coroutines.flow.Flow,int)
    public static synthetic kotlinx.coroutines.flow.Flow flattenMerge$default(kotlinx.coroutines.flow.Flow,int,int,java.lang.Object)
    public static final int getDEFAULT_CONCURRENCY()
    public static synthetic void getDEFAULT_CONCURRENCY$annotations()
    public static synthetic void getDEFAULT_CONCURRENCY_PROPERTY_NAME$annotations()
    public static final kotlinx.coroutines.flow.Flow merge(java.lang.Iterable)
    public static final varargs kotlinx.coroutines.flow.Flow merge(kotlinx.coroutines.flow.Flow[])
kotlinx.coroutines.flow.FlowKt__MigrationKt$delayEach$1
kotlinx.coroutines.flow.FlowKt__MigrationKt$delayFlow$1
kotlinx.coroutines.flow.FlowKt__MigrationKt$onErrorReturn$1
kotlinx.coroutines.flow.FlowKt__MigrationKt$onErrorReturn$2
kotlinx.coroutines.flow.FlowKt__MigrationKt$switchMap$$inlined$flatMapLatest$1
kotlinx.coroutines.flow.FlowKt__MigrationKt
kotlinx.coroutines.flow.FlowKt__ReduceKt$first$$inlined$collectWhile$1
kotlinx.coroutines.flow.FlowKt__ReduceKt$first$1
kotlinx.coroutines.flow.FlowKt__ReduceKt$firstOrNull$$inlined$collectWhile$1
kotlinx.coroutines.flow.FlowKt__ReduceKt$firstOrNull$$inlined$collectWhile$2$1
kotlinx.coroutines.flow.FlowKt__ReduceKt$firstOrNull$$inlined$collectWhile$2
kotlinx.coroutines.flow.FlowKt__ReduceKt$firstOrNull$1
kotlinx.coroutines.flow.FlowKt__ReduceKt$firstOrNull$3
kotlinx.coroutines.flow.FlowKt__ReduceKt$fold$1
kotlinx.coroutines.flow.FlowKt__ReduceKt$fold$2$emit$1
kotlinx.coroutines.flow.FlowKt__ReduceKt$fold$2
kotlinx.coroutines.flow.FlowKt__ReduceKt$last$1
kotlinx.coroutines.flow.FlowKt__ReduceKt$last$2
kotlinx.coroutines.flow.FlowKt__ReduceKt$lastOrNull$1
kotlinx.coroutines.flow.FlowKt__ReduceKt$lastOrNull$2
kotlinx.coroutines.flow.FlowKt__ReduceKt$reduce$1
kotlinx.coroutines.flow.FlowKt__ReduceKt$reduce$2$emit$1
kotlinx.coroutines.flow.FlowKt__ReduceKt$reduce$2
kotlinx.coroutines.flow.FlowKt__ReduceKt$single$1
kotlinx.coroutines.flow.FlowKt__ReduceKt$single$2
kotlinx.coroutines.flow.FlowKt__ReduceKt$singleOrNull$$inlined$collectWhile$1
kotlinx.coroutines.flow.FlowKt__ReduceKt$singleOrNull$1